<?xml version="1.0" encoding="UTF-8"?>
<testsuite xmlns:xsi="http://www.w3.org/2001/XMLSchema-instance" xsi:noNamespaceSchemaLocation="https://maven.apache.org/surefire/maven-surefire-plugin/xsd/surefire-test-report-3.0.xsd" version="3.0" name="TestSuite" time="20.928" tests="2" errors="0" skipped="0" failures="1">
  <properties>
[...]
</properties>
  <testcase name="NavigateToSignInPage" classname="testScripts.SignInValidation_Script" time="7.803">
    <system-out><![CDATA[Browser Name From Properties File Is: Firefox
Test Environment Value From Properties File Is: FFt1

Browser Name From testng.xml File Is: Firefox
Test Environment Value From testng.xml File Is: FFt1

Browser Name From Properties File After Set Is: Firefox
Test Environment Value From Properties File After Set Is: FFt1
Expected Browser*** Firefox *** Launched
Browser Launched: https://www.amazon.com/
Row Count: 6
Column Count: 10
]]></system-out>
    <system-err><![CDATA[1613059349610	geckodriver	INFO	Listening on 127.0.0.1:13824
1613059350270	mozrunner::runner	INFO	Running command: "C:\\Program Files\\Mozilla Firefox\\firefox.exe" "--marionette" "-foreground" "-no-remote" "-profile" "C:\\Users\\Nag\\AppData\\Local\\Temp\\rust_mozprofileLSxMY2"
Can't find symbol 'eglSwapBuffersWithDamageEXT'.
Can't find symbol 'eglSetDamageRegionKHR'.
console.warn: SearchSettings: "get: No settings file exists, new profile?" (new Error("", "(unknown module)"))
1613059356230	Marionette	INFO	Listening on port 51436
1613059356741	Marionette	WARN	TLS certificate errors will be ignored for this session
Feb 11, 2021 11:02:36 AM org.openqa.selenium.remote.ProtocolHandshake createSession
INFO: Detected dialect: W3C
Can't find symbol 'eglSwapBuffersWithDamageEXT'.
Can't find symbol 'eglSetDamageRegionKHR'.
JavaScript error: https://images-na.ssl-images-amazon.com/images/I/11Y+5x+kkTL._RC|51IWYO5M+zL.js,112nmCqUymL.js,11giXtZCwVL.js,01+z+uIeJ-L.js,014NohEdE7L.js,21NNXfMitSL.js,11GXfd3+z+L.js,51gm4oPD2cL.js,11AHlQhPRjL.js,11UNQpqeowL.js,11OREnu1epL.js,11KbZymw5ZL.js,21r53SJg7LL.js,0190vxtlzcL.js,51JZZ9z7xBL.js,31Cj8gdjjAL.js,01Gf12ogmOL.js,01ezj5Rkz1L.js,11VS-C+YWGL.js,31pOTH2ZMRL.js,01rpauTep4L.js,01RhpdfyI0L.js_.js?AUIClients/AmazonUI&CaxJAe4B#page_type-Gateway.309035-T1, line 150: SyntaxError: FontFaceSet.load: Invalid font shorthand
JavaScript error: https://images-na.ssl-images-amazon.com/images/I/11Y+5x+kkTL._RC|51IWYO5M+zL.js,112nmCqUymL.js,11giXtZCwVL.js,01+z+uIeJ-L.js,014NohEdE7L.js,21NNXfMitSL.js,11GXfd3+z+L.js,51gm4oPD2cL.js,11AHlQhPRjL.js,11UNQpqeowL.js,11OREnu1epL.js,11KbZymw5ZL.js,21r53SJg7LL.js,0190vxtlzcL.js,51JZZ9z7xBL.js,31Cj8gdjjAL.js,01Gf12ogmOL.js,01ezj5Rkz1L.js,11VS-C+YWGL.js,31pOTH2ZMRL.js,01rpauTep4L.js,01RhpdfyI0L.js_.js?AUIClients/AmazonUI&CaxJAe4B#page_type-Gateway.309035-T1, line 150: SyntaxError: FontFaceSet.load: Invalid font shorthand
JavaScript error: https://images-na.ssl-images-amazon.com/images/I/11Y+5x+kkTL._RC|51IWYO5M+zL.js,112nmCqUymL.js,11giXtZCwVL.js,01+z+uIeJ-L.js,014NohEdE7L.js,21NNXfMitSL.js,11GXfd3+z+L.js,51gm4oPD2cL.js,11AHlQhPRjL.js,11UNQpqeowL.js,11OREnu1epL.js,11KbZymw5ZL.js,21r53SJg7LL.js,0190vxtlzcL.js,51JZZ9z7xBL.js,31Cj8gdjjAL.js,01Gf12ogmOL.js,01ezj5Rkz1L.js,11VS-C+YWGL.js,31pOTH2ZMRL.js,01rpauTep4L.js,01RhpdfyI0L.js_.js?AUIClients/AmazonUI&CaxJAe4B#page_type-Gateway.309035-T1, line 150: SyntaxError: FontFaceSet.load: Invalid font shorthand
JavaScript error: https://images-na.ssl-images-amazon.com/images/I/11Y+5x+kkTL._RC|51IWYO5M+zL.js,112nmCqUymL.js,11giXtZCwVL.js,01+z+uIeJ-L.js,014NohEdE7L.js,21NNXfMitSL.js,11GXfd3+z+L.js,51gm4oPD2cL.js,11AHlQhPRjL.js,11UNQpqeowL.js,11OREnu1epL.js,11KbZymw5ZL.js,21r53SJg7LL.js,0190vxtlzcL.js,51JZZ9z7xBL.js,31Cj8gdjjAL.js,01Gf12ogmOL.js,01ezj5Rkz1L.js,11VS-C+YWGL.js,31pOTH2ZMRL.js,01rpauTep4L.js,01RhpdfyI0L.js_.js?AUIClients/AmazonUI&CaxJAe4B#page_type-Gateway.309035-T1, line 150: SyntaxError: FontFaceSet.load: Invalid font shorthand
1613059364092	Marionette	INFO	Stopped listening on port 51436
JavaScript error: resource://gre/modules/UrlClassifierListManager.jsm, line 691: TypeError: this.tablesData[table] is undefined

###!!! [Child][RunMessage] Error: Channel closing: too late to send/recv, messages will be lost

]]></system-err>
  </testcase>
  <testcase name="NavigateToSignInPage" classname="testScripts.SignInFunctionalValidation_Script" time="0">
    <failure message="Tried to run command without establishing a connection&#10;Build info: version: &apos;3.141.59&apos;, revision: &apos;e82be7d358&apos;, time: &apos;2018-11-14T08:17:03&apos;&#10;System info: host: &apos;CHINNIRAJA&apos;, ip: &apos;192.168.0.141&apos;, os.name: &apos;Windows 10&apos;, os.arch: &apos;amd64&apos;, os.version: &apos;10.0&apos;, java.version: &apos;15.0.1&apos;&#10;Driver info: org.openqa.selenium.firefox.FirefoxDriver&#10;Capabilities {acceptInsecureCerts: true, browserName: firefox, browserVersion: 84.0.2, javascriptEnabled: true, moz:accessibilityChecks: false, moz:buildID: 20210105180113, moz:geckodriverVersion: 0.28.0, moz:headless: false, moz:processID: 9080, moz:profile: C:\Users\Nag\AppData\Local\..., moz:shutdownTimeout: 60000, moz:useNonSpecCompliantPointerOrigin: false, moz:webdriverClick: true, pageLoadStrategy: normal, platform: WINDOWS, platformName: WINDOWS, platformVersion: 10.0, rotatable: false, setWindowRect: true, strictFileInteractability: false, timeouts: {implicit: 0, pageLoad: 300000, script: 30000}, unhandledPromptBehavior: dismiss and notify}&#10;Session ID: 28e53e67-b39d-4b4d-9748-e42bd55434d4&#10;*** Element info: {Using=xpath, value=//*[@id=&apos;nav-link-accountList&apos;]}" type="org.openqa.selenium.NoSuchSessionException"><![CDATA[org.openqa.selenium.NoSuchSessionException: 
Tried to run command without establishing a connection
Build info: version: '3.141.59', revision: 'e82be7d358', time: '2018-11-14T08:17:03'
System info: host: 'CHINNIRAJA', ip: '192.168.0.141', os.name: 'Windows 10', os.arch: 'amd64', os.version: '10.0', java.version: '15.0.1'
Driver info: org.openqa.selenium.firefox.FirefoxDriver
Capabilities {acceptInsecureCerts: true, browserName: firefox, browserVersion: 84.0.2, javascriptEnabled: true, moz:accessibilityChecks: false, moz:buildID: 20210105180113, moz:geckodriverVersion: 0.28.0, moz:headless: false, moz:processID: 9080, moz:profile: C:\Users\Nag\AppData\Local\..., moz:shutdownTimeout: 60000, moz:useNonSpecCompliantPointerOrigin: false, moz:webdriverClick: true, pageLoadStrategy: normal, platform: WINDOWS, platformName: WINDOWS, platformVersion: 10.0, rotatable: false, setWindowRect: true, strictFileInteractability: false, timeouts: {implicit: 0, pageLoad: 300000, script: 30000}, unhandledPromptBehavior: dismiss and notify}
Session ID: 28e53e67-b39d-4b4d-9748-e42bd55434d4
*** Element info: {Using=xpath, value=//*[@id='nav-link-accountList']}
	at testScripts.SignInFunctionalValidation_Script.NavigateToSignInPage(SignInFunctionalValidation_Script.java:21)
]]></failure>
  </testcase>
</testsuite>