<?xml version="1.0" encoding="UTF-8"?>
<testng-results ignored="3" total="5" passed="1" failed="1" skipped="0">
  <reporter-output>
  </reporter-output>
  <suite started-at="2021-02-11T11:02:36 EST" name="Suite" finished-at="2021-02-11T11:02:47 EST" duration-ms="10853">
    <groups>
    </groups>
    <test started-at="2021-02-11T11:02:36 EST" name="Test" finished-at="2021-02-11T11:02:47 EST" duration-ms="10853">
      <class name="testScripts.SignInFunctionalValidation_Script">
        <test-method signature="NavigateToSignInPage()[pri:0, instance:testScripts.SignInFunctionalValidation_Script@7f552bd3]" started-at="2021-02-11T11:02:47 EST" name="NavigateToSignInPage" finished-at="2021-02-11T11:02:47 EST" duration-ms="29" status="FAIL">
          <exception class="org.openqa.selenium.NoSuchSessionException">
            <message>
              <![CDATA[Tried to run command without establishing a connection
Build info: version: '3.141.59', revision: 'e82be7d358', time: '2018-11-14T08:17:03'
System info: host: 'CHINNIRAJA', ip: '192.168.0.141', os.name: 'Windows 10', os.arch: 'amd64', os.version: '10.0', java.version: '15.0.1'
Driver info: org.openqa.selenium.firefox.FirefoxDriver
Capabilities {acceptInsecureCerts: true, browserName: firefox, browserVersion: 84.0.2, javascriptEnabled: true, moz:accessibilityChecks: false, moz:buildID: 20210105180113, moz:geckodriverVersion: 0.28.0, moz:headless: false, moz:processID: 9080, moz:profile: C:\Users\Nag\AppData\Local\..., moz:shutdownTimeout: 60000, moz:useNonSpecCompliantPointerOrigin: false, moz:webdriverClick: true, pageLoadStrategy: normal, platform: WINDOWS, platformName: WINDOWS, platformVersion: 10.0, rotatable: false, setWindowRect: true, strictFileInteractability: false, timeouts: {implicit: 0, pageLoad: 300000, script: 30000}, unhandledPromptBehavior: dismiss and notify}
Session ID: 28e53e67-b39d-4b4d-9748-e42bd55434d4
*** Element info: {Using=xpath, value=//*[@id='nav-link-accountList']}]]>
            </message>
            <full-stacktrace>
              <![CDATA[org.openqa.selenium.NoSuchSessionException: Tried to run command without establishing a connection
Build info: version: '3.141.59', revision: 'e82be7d358', time: '2018-11-14T08:17:03'
System info: host: 'CHINNIRAJA', ip: '192.168.0.141', os.name: 'Windows 10', os.arch: 'amd64', os.version: '10.0', java.version: '15.0.1'
Driver info: org.openqa.selenium.firefox.FirefoxDriver
Capabilities {acceptInsecureCerts: true, browserName: firefox, browserVersion: 84.0.2, javascriptEnabled: true, moz:accessibilityChecks: false, moz:buildID: 20210105180113, moz:geckodriverVersion: 0.28.0, moz:headless: false, moz:processID: 9080, moz:profile: C:\Users\Nag\AppData\Local\..., moz:shutdownTimeout: 60000, moz:useNonSpecCompliantPointerOrigin: false, moz:webdriverClick: true, pageLoadStrategy: normal, platform: WINDOWS, platformName: WINDOWS, platformVersion: 10.0, rotatable: false, setWindowRect: true, strictFileInteractability: false, timeouts: {implicit: 0, pageLoad: 300000, script: 30000}, unhandledPromptBehavior: dismiss and notify}
Session ID: 28e53e67-b39d-4b4d-9748-e42bd55434d4
*** Element info: {Using=xpath, value=//*[@id='nav-link-accountList']}
at java.base/jdk.internal.reflect.NativeConstructorAccessorImpl.newInstance0(Native Method)
at java.base/jdk.internal.reflect.NativeConstructorAccessorImpl.newInstance(NativeConstructorAccessorImpl.java:64)
at java.base/jdk.internal.reflect.DelegatingConstructorAccessorImpl.newInstance(DelegatingConstructorAccessorImpl.java:45)
at java.base/java.lang.reflect.Constructor.newInstanceWithCaller(Constructor.java:500)
at java.base/java.lang.reflect.Constructor.newInstance(Constructor.java:481)
at org.openqa.selenium.remote.http.W3CHttpResponseCodec.createException(W3CHttpResponseCodec.java:187)
at org.openqa.selenium.remote.http.W3CHttpResponseCodec.decode(W3CHttpResponseCodec.java:122)
at org.openqa.selenium.remote.http.W3CHttpResponseCodec.decode(W3CHttpResponseCodec.java:49)
at org.openqa.selenium.remote.HttpCommandExecutor.execute(HttpCommandExecutor.java:158)
at org.openqa.selenium.remote.service.DriverCommandExecutor.execute(DriverCommandExecutor.java:83)
at org.openqa.selenium.remote.RemoteWebDriver.execute(RemoteWebDriver.java:552)
at org.openqa.selenium.remote.RemoteWebDriver.findElement(RemoteWebDriver.java:323)
at org.openqa.selenium.remote.RemoteWebDriver.findElementByXPath(RemoteWebDriver.java:428)
at org.openqa.selenium.By$ByXPath.findElement(By.java:353)
at org.openqa.selenium.remote.RemoteWebDriver.findElement(RemoteWebDriver.java:315)
at utilities.UI_Actions.WebElementExistsCheck(UI_Actions.java:25)
at appPages.AmazonLanding_Page.WebElementExists_Fun(AmazonLanding_Page.java:41)
at testScripts.SignInFunctionalValidation_Script.NavigateToSignInPage(SignInFunctionalValidation_Script.java:21)
at java.base/jdk.internal.reflect.NativeMethodAccessorImpl.invoke0(Native Method)
at java.base/jdk.internal.reflect.NativeMethodAccessorImpl.invoke(NativeMethodAccessorImpl.java:64)
at java.base/jdk.internal.reflect.DelegatingMethodAccessorImpl.invoke(DelegatingMethodAccessorImpl.java:43)
at java.base/java.lang.reflect.Method.invoke(Method.java:564)
at org.testng.internal.MethodInvocationHelper.invokeMethod(MethodInvocationHelper.java:132)
at org.testng.internal.TestInvoker.invokeMethod(TestInvoker.java:599)
at org.testng.internal.TestInvoker.invokeTestMethod(TestInvoker.java:174)
at org.testng.internal.MethodRunner.runInSequence(MethodRunner.java:46)
at org.testng.internal.TestInvoker$MethodInvocationAgent.invoke(TestInvoker.java:822)
at org.testng.internal.TestInvoker.invokeTestMethods(TestInvoker.java:147)
at org.testng.internal.TestMethodWorker.invokeTestMethods(TestMethodWorker.java:146)
at org.testng.internal.TestMethodWorker.run(TestMethodWorker.java:128)
at java.base/java.util.ArrayList.forEach(ArrayList.java:1511)
at org.testng.TestRunner.privateRun(TestRunner.java:764)
at org.testng.TestRunner.run(TestRunner.java:585)
at org.testng.SuiteRunner.runTest(SuiteRunner.java:384)
at org.testng.SuiteRunner.runSequentially(SuiteRunner.java:378)
at org.testng.SuiteRunner.privateRun(SuiteRunner.java:337)
at org.testng.SuiteRunner.run(SuiteRunner.java:286)
at org.testng.SuiteRunnerWorker.runSuite(SuiteRunnerWorker.java:53)
at org.testng.SuiteRunnerWorker.run(SuiteRunnerWorker.java:96)
at org.testng.TestNG.runSuitesSequentially(TestNG.java:1218)
at org.testng.TestNG.runSuitesLocally(TestNG.java:1140)
at org.testng.TestNG.runSuites(TestNG.java:1069)
at org.testng.TestNG.run(TestNG.java:1037)
at org.apache.maven.surefire.testng.TestNGExecutor.run(TestNGExecutor.java:284)
at org.apache.maven.surefire.testng.TestNGXmlTestSuite.execute(TestNGXmlTestSuite.java:75)
at org.apache.maven.surefire.testng.TestNGProvider.invoke(TestNGProvider.java:119)
at org.apache.maven.surefire.booter.ForkedBooter.runSuitesInProcess(ForkedBooter.java:428)
at org.apache.maven.surefire.booter.ForkedBooter.execute(ForkedBooter.java:162)
at org.apache.maven.surefire.booter.ForkedBooter.run(ForkedBooter.java:562)
at org.apache.maven.surefire.booter.ForkedBooter.main(ForkedBooter.java:548)
]]>
            </full-stacktrace>
          </exception> <!-- org.openqa.selenium.NoSuchSessionException -->
          <reporter-output>
          </reporter-output>
        </test-method> <!-- NavigateToSignInPage -->
      </class> <!-- testScripts.SignInFunctionalValidation_Script -->
      <class name="testScripts.SignInValidation_Script">
        <test-method is-config="true" signature="setup_Fun(java.lang.String, java.lang.String)[pri:0, instance:testScripts.SignInValidation_Script@3eb7fc54]" started-at="2021-02-11T11:02:27 EST" name="setup_Fun" finished-at="2021-02-11T11:02:36 EST" duration-ms="9430" status="PASS">
          <params>
            <param index="0">
              <value>
                <![CDATA[Firefox]]>
              </value>
            </param>
            <param index="1">
              <value>
                <![CDATA[FFt1]]>
              </value>
            </param>
          </params>
          <reporter-output>
          </reporter-output>
        </test-method> <!-- setup_Fun -->
        <test-method is-config="true" signature="Open_And_LaunchApp()[pri:0, instance:testScripts.SignInValidation_Script@3eb7fc54]" started-at="2021-02-11T11:02:36 EST" name="Open_And_LaunchApp" finished-at="2021-02-11T11:02:38 EST" duration-ms="2007" status="PASS">
          <reporter-output>
          </reporter-output>
        </test-method> <!-- Open_And_LaunchApp -->
        <test-method signature="NavigateToSignInPage()[pri:0, instance:testScripts.SignInValidation_Script@3eb7fc54]" started-at="2021-02-11T11:02:39 EST" name="NavigateToSignInPage" finished-at="2021-02-11T11:02:47 EST" duration-ms="8176" status="PASS">
          <reporter-output>
          </reporter-output>
        </test-method> <!-- NavigateToSignInPage -->
        <test-method is-config="true" signature="TearDown()[pri:0, instance:testScripts.SignInValidation_Script@3eb7fc54]" started-at="2021-02-11T11:02:47 EST" name="TearDown" finished-at="2021-02-11T11:02:47 EST" duration-ms="560" status="PASS">
          <reporter-output>
          </reporter-output>
        </test-method> <!-- TearDown -->
      </class> <!-- testScripts.SignInValidation_Script -->
    </test> <!-- Test -->
  </suite> <!-- Suite -->
</testng-results>
